c:\users\erick\documents\meus-projetos\c\lp432\gui\debug\vc141.pdb
c:\users\erick\documents\meus-projetos\c\lp432\gui\debug\vc141.idb
c:\users\erick\documents\meus-projetos\c\lp432\gui\debug\procedures.obj
c:\users\erick\documents\meus-projetos\c\lp432\gui\debug\proce.obj
c:\users\erick\documents\meus-projetos\c\lp432\gui\debug\procd.obj
c:\users\erick\documents\meus-projetos\c\lp432\gui\debug\procc.obj
c:\users\erick\documents\meus-projetos\c\lp432\gui\debug\procb.obj
c:\users\erick\documents\meus-projetos\c\lp432\gui\debug\proca.obj
c:\users\erick\documents\meus-projetos\c\lp432\gui\debug\proc9.obj
c:\users\erick\documents\meus-projetos\c\lp432\gui\debug\proc8.obj
c:\users\erick\documents\meus-projetos\c\lp432\gui\debug\proc7.obj
c:\users\erick\documents\meus-projetos\c\lp432\gui\debug\proc6.obj
c:\users\erick\documents\meus-projetos\c\lp432\gui\debug\proc5.obj
c:\users\erick\documents\meus-projetos\c\lp432\gui\debug\proc4.obj
c:\users\erick\documents\meus-projetos\c\lp432\gui\debug\proc3.obj
c:\users\erick\documents\meus-projetos\c\lp432\gui\debug\proc2.obj
c:\users\erick\documents\meus-projetos\c\lp432\gui\debug\proc1.obj
c:\users\erick\documents\meus-projetos\c\lp432\gui\debug\proc0.obj
c:\users\erick\documents\meus-projetos\c\lp432\gui\debug\memory.obj
c:\users\erick\documents\meus-projetos\c\lp432\gui\debug\interruption.obj
c:\users\erick\documents\meus-projetos\c\lp432\gui\debug\cpu.obj
c:\users\erick\documents\meus-projetos\c\lp432\gui\debug\bus.obj
c:\users\erick\documents\meus-projetos\c\lp432\gui\debug\main.obj
c:\users\erick\documents\meus-projetos\c\lp432\gui\debug\ini.obj
c:\users\erick\documents\meus-projetos\c\lp432\gui\debug\inspector.obj
c:\users\erick\documents\meus-projetos\c\lp432\gui\debug\font.obj
c:\users\erick\documents\meus-projetos\c\lp432\gui\debug\common.obj
c:\users\erick\documents\meus-projetos\c\lp432\gui\debug\pci.obj
c:\users\erick\documents\meus-projetos\c\lp432\gui\debug\emu.obj
c:\users\erick\documents\meus-projetos\c\lp432\gui\debug\procf.obj
c:\users\erick\documents\meus-projetos\c\lp432\debug\gui.exe
c:\users\erick\documents\meus-projetos\c\lp432\debug\gui.ilk
c:\users\erick\documents\meus-projetos\c\lp432\debug\gui.pdb
c:\users\erick\documents\meus-projetos\c\lp432\gui\debug\gui.tlog\cl.command.1.tlog
c:\users\erick\documents\meus-projetos\c\lp432\gui\debug\gui.tlog\cl.read.1.tlog
c:\users\erick\documents\meus-projetos\c\lp432\gui\debug\gui.tlog\cl.write.1.tlog
c:\users\erick\documents\meus-projetos\c\lp432\gui\debug\gui.tlog\link.command.1.tlog
c:\users\erick\documents\meus-projetos\c\lp432\gui\debug\gui.tlog\link.read.1.tlog
c:\users\erick\documents\meus-projetos\c\lp432\gui\debug\gui.tlog\link.write.1.tlog
